<?xml version="1.0" encoding="UTF-8"?>
<!-- Generated by org.testng.reporters.JUnitReportReporter -->
<testsuite hostname="LTIN237839" name="com.mas.testCases.MobileNativeApp" tests="1" failures="0" timestamp="12 Feb 2021 07:43:59 GMT" time="30.655" errors="0">
  <testcase name="NativeApp" time="30.655" classname="com.mas.testCases.MobileNativeApp"/>
</testsuite> <!-- com.mas.testCases.MobileNativeApp -->
