<?xml version="1.0" encoding="UTF-8"?>
<!-- Generated by org.testng.reporters.JUnitReportReporter -->
<testsuite hostname="LTIN237839" name="com.mas.resources.RestAPIFunctions" tests="1" failures="0" timestamp="12 Feb 2021 12:31:58 GMT" time="0.021" errors="0">
  <testcase name="getProperty" time="0.021" classname="com.mas.resources.RestAPIFunctions"/>
</testsuite> <!-- com.mas.resources.RestAPIFunctions -->
