<?xml version="1.0" encoding="UTF-8"?>
<!-- Generated by org.testng.reporters.JUnitReportReporter -->
<testsuite hostname="LTIN237839" name="com.mas.resources.Base" tests="1" failures="0" timestamp="1 Feb 2021 05:52:33 GMT" time="3.483" errors="0">
  <testcase name="getWebDriver" time="3.483" classname="com.mas.resources.Base"/>
</testsuite> <!-- com.mas.resources.Base -->
