<?xml version="1.0" encoding="UTF-8"?>
<!-- Generated by org.testng.reporters.JUnitReportReporter -->
<testsuite hostname="LTIN237839" name="com.mas.testCases.MobiletestCase" tests="1" failures="0" timestamp="12 Feb 2021 07:36:24 GMT" time="59.962" errors="0">
  <testcase name="mobileLanuch" time="59.962" classname="com.mas.testCases.MobiletestCase"/>
</testsuite> <!-- com.mas.testCases.MobiletestCase -->
