<?xml version="1.0" encoding="UTF-8"?>
<!-- Generated by org.testng.reporters.JUnitReportReporter -->
<testsuite hostname="LTIN237839" name="com.mas.testCases.testCase01_launchQAclick" tests="1" failures="0" timestamp="1 Feb 2021 07:22:48 GMT" time="5.247" errors="0">
  <testcase name="radiobtn" time="5.247" classname="com.mas.testCases.testCase01_launchQAclick"/>
</testsuite> <!-- com.mas.testCases.testCase01_launchQAclick -->
