<?xml version="1.0" encoding="UTF-8"?>
<!-- Generated by org.testng.reporters.JUnitReportReporter -->
<testsuite hostname="LTIN237839" name="com.mas.testCases.Radiobtn_txt_validation" tests="1" failures="0" timestamp="1 Feb 2021 13:08:32 GMT" time="25.567" errors="0">
  <testcase name="radiobtn" time="25.567" classname="com.mas.testCases.Radiobtn_txt_validation"/>
</testsuite> <!-- com.mas.testCases.Radiobtn_txt_validation -->
